<?xml version="1.0" ?>
<!DOCTYPE coverage SYSTEM "http://cobertura.sourceforge.net/xml/coverage-04.dtd">
<coverage lines-valid="1"  lines-covered="1"  line-rate="1"  branches-valid="0"  branches-covered="0"  branch-rate="1"  timestamp="1429182996183" complexity="0" version="0.1">
<sources>
	<source>/home/pratiksha/project/jasmineapp</source>
</sources>
<packages>
	<package name="."  line-rate="1"  branch-rate="1" >
	<classes>
		<class name="functions.js"  filename="functions.js"  line-rate="1"  branch-rate="1" >
		<methods>
		</methods>
		<lines>
			<line number="1"  hits="1"  branch="false" />
		</lines>
		</class>
	</classes>
	</package>
</packages>
</coverage>
